
ROM used:   454/8192 (6%)
            454/8192 (6%) including unused fragments

            0.2 Average locations per line
            0.9 Average locations per statement

RAM used:   22/368 (6%) at main() level
            31/368 (8%) worst case

Stack used: 2 worst case (2 in main + 0 for interrupts)
Stack size: 8

Lines Stmts  %   Files
----- ----- ---  -----
   80    35   7  service_1.c
  769     0   0  C:\Program Files (x86)\PICC\Devices\16F887.h
 1351   359  69  C:\Program Files (x86)\PICC\Drivers\stdlib.h
   32     0   0  C:\Program Files (x86)\PICC\Drivers\stddef.h
  423   125  24  C:\Program Files (x86)\PICC\Drivers\string.h
   28     0   0  C:\Program Files (x86)\PICC\Drivers\ctype.h
----- -----
 2683   519 Total

Page ROM  %  RAM    Vol Diff  Functions:
---- --- --- ---    --- ----  ----------
0     37   8    5             @DIV1616
0     21   5    1             @delay_ms1
0     15   3    0             @const894
0    166  37    4    629  3.4  display
0     91  20    0    290  3.5  MAIN
0    120  26    9    233  3.4  @PRINTF_LD_9600_62_63
 Inline         0    136  1.7  @cinit1

Program metrics:
    Functions               4
    Statements              519
    Comments                906
    Volume (V)              1747
    Difficulty (D)          12.0
    Effort to implement (E) 21010
    Time to implement (T)   19 minutes
    Est Delivered Bugs (B)  0
    Cyclomatic Complexity   2
    Maintainability (MI)    12

 Segment     Used  Free
-----------  ----  ----
00000-00003     4  0  
00004-007FF   450  1594  
00800-00FFF     0  2048  
01000-017FF     0  2048  
01800-01FFF     0  2048  



