*** Error 23 "C:\Program Files (x86)\PICC\Devices\16F877A.h" Line 11(8,9): Can not set this option this far into the code
*** Error 48 "C:\Program Files (x86)\PICC\Devices\16F877A.h" Line 22(46,47): Expecting a (
*** Error 28 "C:\Program Files (x86)\PICC\Devices\16F877A.h" Line 629(2,7): Expecting an identifier
--- Info 300 "ticket.c" Line 9(15,19): More info:   First Declaration of ngan
*** Error 31 "ticket.c" Line 71(15,19): Identifier is already used in this scope
*** Error 48 "ticket.c" Line 71(20,24): Expecting a (
*** Error 48 "ticket.c" Line 71(25,29): Expecting a (
*** Error 48 "ticket.c" Line 71(30,35): Expecting a (
--- Info 300 "ticket.c" Line 10(12,13): More info:   First Declaration of a
*** Error 31 "ticket.c" Line 72(12,13): Identifier is already used in this scope
*** Error 43 "ticket.c" Line 72(14,16): Expecting a declaration
*** Error 43 "ticket.c" Line 72(16,17): Expecting a declaration
*** Error 43 "ticket.c" Line 72(18,19): Expecting a declaration
*** Error 43 "ticket.c" Line 72(20,21): Expecting a declaration
*** Error 43 "ticket.c" Line 72(21,25): Expecting a declaration
*** Error 43 "ticket.c" Line 72(25,26): Expecting a declaration
*** Error 43 "ticket.c" Line 72(26,30): Expecting a declaration
*** Error 43 "ticket.c" Line 72(30,31): Expecting a declaration
*** Error 43 "ticket.c" Line 72(31,35): Expecting a declaration
*** Error 43 "ticket.c" Line 72(35,36): Expecting a declaration
*** Error 43 "ticket.c" Line 72(36,40): Expecting a declaration
*** Error 43 "ticket.c" Line 72(40,41): Expecting a declaration
*** Error 43 "ticket.c" Line 72(41,45): Expecting a declaration
*** Error 43 "ticket.c" Line 72(45,46): Expecting a declaration
*** Error 43 "ticket.c" Line 72(46,50): Expecting a declaration
*** Error 43 "ticket.c" Line 72(50,51): Expecting a declaration
*** Error 43 "ticket.c" Line 72(51,55): Expecting a declaration
*** Error 43 "ticket.c" Line 72(55,56): Expecting a declaration
*** Error 43 "ticket.c" Line 72(56,60): Expecting a declaration
*** Error 43 "ticket.c" Line 72(60,61): Expecting a declaration
*** Error 43 "ticket.c" Line 72(61,65): Expecting a declaration
*** Error 43 "ticket.c" Line 72(65,66): Expecting a declaration
*** Error 43 "ticket.c" Line 72(66,70): Expecting a declaration
*** Error 43 "ticket.c" Line 72(70,71): Expecting a declaration
*** Error 43 "ticket.c" Line 72(71,72): Expecting a declaration
--- Info 300 "ticket.c" Line 12(6,13): More info:   First Declaration of intPort
*** Error 31 "ticket.c" Line 74(14,15): Identifier is already used in this scope
*** Error 28 "ticket.c" Line 76(15,16): Expecting an identifier
*** Error 43 "ticket.c" Line 76(17,18): Expecting a declaration
*** Error 28 "ticket.c" Line 77(18,22): Expecting an identifier
*** Error 43 "ticket.c" Line 77(23,24): Expecting a declaration
*** Error 43 "ticket.c" Line 78(1,2): Expecting a declaration
--- Info 300 "ticket.c" Line 17(6,13): More info:   First Declaration of display
*** Error 31 "ticket.c" Line 79(22,23): Identifier is already used in this scope
*** Error 48 "ticket.c" Line 81(4,8): Expecting a (
*** Error 48 "ticket.c" Line 81(9,12): Expecting a (
*** Error 43 "ticket.c" Line 81(13,17): Expecting a declaration
*** Error 43 "ticket.c" Line 81(17,18): Expecting a declaration
*** Error 48 "ticket.c" Line 82(4,8): Expecting a (
*** Error 43 "ticket.c" Line 82(9,10): Expecting a declaration
*** Error 48 "ticket.c" Line 82(10,13): Expecting a (
*** Error 43 "ticket.c" Line 82(14,17): Expecting a declaration
*** Error 43 "ticket.c" Line 82(17,18): Expecting a declaration
*** Error 43 "ticket.c" Line 82(18,19): Expecting a declaration
*** Error 43 "ticket.c" Line 82(19,21): Expecting a declaration
*** Error 43 "ticket.c" Line 82(21,22): Expecting a declaration
*** Error 48 "ticket.c" Line 83(4,8): Expecting a (
*** Error 43 "ticket.c" Line 83(9,10): Expecting a declaration
*** Error 48 "ticket.c" Line 83(10,13): Expecting a (
*** Error 43 "ticket.c" Line 83(14,16): Expecting a declaration
*** Error 43 "ticket.c" Line 83(16,17): Expecting a declaration
*** Error 43 "ticket.c" Line 83(17,18): Expecting a declaration
*** Error 43 "ticket.c" Line 83(18,20): Expecting a declaration
*** Error 43 "ticket.c" Line 83(20,21): Expecting a declaration
*** Error 48 "ticket.c" Line 84(4,9): Expecting a (
*** Error 48 "ticket.c" Line 84(10,13): Expecting a (
*** Error 43 "ticket.c" Line 84(14,16): Expecting a declaration
*** Error 43 "ticket.c" Line 84(16,17): Expecting a declaration
*** Error 27 "ticket.c" Line 86(19,20): Expression must evaluate to a constant
*** Error 43 "ticket.c" Line 86(20,21): Expecting a declaration
*** Error 43 "ticket.c" Line 86(21,22): Expecting a declaration
*** Error 28 "ticket.c" Line 87(13,17): Expecting an identifier
*** Error 43 "ticket.c" Line 87(18,19): Expecting a declaration
*** Error 28 "ticket.c" Line 88(13,14): Expecting an identifier
*** Error 43 "ticket.c" Line 88(15,16): Expecting a declaration
*** Error 28 "ticket.c" Line 89(13,17): Expecting an identifier
*** Error 43 "ticket.c" Line 89(18,19): Expecting a declaration
*** Error 27 "ticket.c" Line 91(19,20): Expression must evaluate to a constant
*** Error 43 "ticket.c" Line 91(20,21): Expecting a declaration
*** Error 43 "ticket.c" Line 91(21,22): Expecting a declaration
*** Error 28 "ticket.c" Line 92(13,17): Expecting an identifier
*** Error 43 "ticket.c" Line 92(18,19): Expecting a declaration
*** Error 28 "ticket.c" Line 93(13,14): Expecting an identifier
*** Error 43 "ticket.c" Line 93(15,16): Expecting a declaration
*** Error 28 "ticket.c" Line 94(13,17): Expecting an identifier
*** Error 43 "ticket.c" Line 94(18,19): Expecting a declaration
*** Error 27 "ticket.c" Line 96(19,20): Expression must evaluate to a constant
*** Error 43 "ticket.c" Line 96(20,21): Expecting a declaration
*** Error 43 "ticket.c" Line 96(21,22): Expecting a declaration
*** Error 28 "ticket.c" Line 97(13,17): Expecting an identifier
*** Error 43 "ticket.c" Line 97(18,19): Expecting a declaration
*** Error 28 "ticket.c" Line 98(13,14): Expecting an identifier
*** Error 43 "ticket.c" Line 98(15,16): Expecting a declaration
*** Error 28 "ticket.c" Line 99(13,17): Expecting an identifier
*** Error 43 "ticket.c" Line 99(18,19): Expecting a declaration
*** Error 27 "ticket.c" Line 101(20,21): Expression must evaluate to a constant
*** Error 43 "ticket.c" Line 101(21,22): Expecting a declaration
*** Error 43 "ticket.c" Line 101(22,23): Expecting a declaration
*** Error 28 "ticket.c" Line 102(13,17): Expecting an identifier
*** Error 43 "ticket.c" Line 102(18,19): Expecting a declaration
*** Error 28 "ticket.c" Line 103(13,14): Expecting an identifier
*** Error 43 "ticket.c" Line 103(15,16): Expecting a declaration
*** Error 28 "ticket.c" Line 104(13,17): Expecting an identifier
*** Error 43 "ticket.c" Line 104(18,19): Expecting a declaration
      100 Errors,  0 Warnings.
Build Failed.
