;  LST file generated by mikroListExporter - v.2.0 
; Date/Time: 6/8/2020 11:25:17 AM
;----------------------------------------------

;Address Opcode 	ASM
0x0000	0xF000EF69  	GOTO        210
0x0004	0x0000      	NOP
0x0006	0x0000      	NOP
0x0008	0xF000EF00  	GOTO        0
0x000C	0x0000      	NOP
0x000E	0x0000      	NOP
0x0010	0x0000      	NOP
0x0012	0x0000      	NOP
0x0014	0x0000      	NOP
0x0016	0x0000      	NOP
0x0018	0xD7F3      	BRA         0
_UART1_Write:
;__Lib_UART_c67.c,58 :: 		
;__Lib_UART_c67.c,59 :: 		
L_UART1_Write3:
0x001C	0xB2AC      	BTFSC       TXSTA, 1 
0x001E	0xD002      	BRA         L_UART1_Write4
;__Lib_UART_c67.c,60 :: 		
0x0020	0x0000      	NOP
0x0022	0xD7FC      	BRA         L_UART1_Write3
L_UART1_Write4:
;__Lib_UART_c67.c,61 :: 		
0x0024	0xFFADC02B  	MOVFF       FARG_UART1_Write_data_, TXREG
;__Lib_UART_c67.c,62 :: 		
L_end_UART1_Write:
0x0028	0x0012      	RETURN      0
; end of _UART1_Write
_____DoIFC:
;__Lib_System.c,93 :: 		
;__Lib_System.c,94 :: 		
0x002A	0x50F2      	MOVF        INTCON, 0, 0
;__Lib_System.c,95 :: 		
0x002C	0x6E02      	MOVWF       R2, 0
;__Lib_System.c,96 :: 		
0x002E	0x9EF2      	BCF         INTCON, 7 
;__Lib_System.c,97 :: 		
0x0030	0x0005      	PUSH
;__Lib_System.c,98 :: 		
0x0032	0x6AFF      	CLRF        TOSU, 0
;__Lib_System.c,99 :: 		
0x0034	0x5001      	MOVF        R1, 0, 0
;__Lib_System.c,100 :: 		
0x0036	0x6EFE      	MOVWF       TOSH, 0
;__Lib_System.c,101 :: 		
0x0038	0x5000      	MOVF        R0, 0, 0
;__Lib_System.c,102 :: 		
0x003A	0x6EFD      	MOVWF       TOSL, 0
;__Lib_System.c,103 :: 		
0x003C	0xBE02      	BTFSC       R2, 7, 0
;__Lib_System.c,104 :: 		
0x003E	0x8EF2      	BSF         INTCON, 7, 0
;__Lib_System.c,105 :: 		
;__Lib_System.c,107 :: 		
L_end_____DoIFC:
0x0040	0x0012      	RETURN      0
; end of _____DoIFC
_UART_Write:
;__Lib_UART_c67.c,119 :: 		
;__Lib_UART_c67.c,120 :: 		
0x0042	0xFFE1C01B  	MOVFF       _UART_Wr_Ptr+2, FSR1L
0x0046	0xFFE2C01C  	MOVFF       _UART_Wr_Ptr+3, FSR1H
0x004A	0xFFE6C02A  	MOVFF       FARG_UART_Write__data, POSTINC1
0x004E	0xF000C019  	MOVFF       _UART_Wr_Ptr, R0
0x0052	0xF001C01A  	MOVFF       _UART_Wr_Ptr+1, R1
0x0056	0xDFE9      	RCALL       _____DoIFC
;__Lib_UART_c67.c,121 :: 		
L_end_UART_Write:
0x0058	0x0012      	RETURN      0
; end of _UART_Write
_UART1_Read:
;__Lib_UART_c67.c,39 :: 		
;__Lib_UART_c67.c,42 :: 		
0x005A	0xF001CFAE  	MOVFF       RCREG, R1
;__Lib_UART_c67.c,43 :: 		
0x005E	0xA2AB      	BTFSS       RCSTA, 1 
0x0060	0xD002      	BRA         L_UART1_Read2
;__Lib_UART_c67.c,44 :: 		
0x0062	0x98AB      	BCF         RCSTA, 4 
;__Lib_UART_c67.c,45 :: 		
0x0064	0x88AB      	BSF         RCSTA, 4 
;__Lib_UART_c67.c,46 :: 		
L_UART1_Read2:
;__Lib_UART_c67.c,47 :: 		
0x0066	0xF000C001  	MOVFF       R1, R0
;__Lib_UART_c67.c,48 :: 		
L_end_UART1_Read:
0x006A	0x0012      	RETURN      0
; end of _UART1_Read
___CC2DW:
;__Lib_System.c,21 :: 		
;__Lib_System.c,23 :: 		
_CC2DL_Loop1:
;__Lib_System.c,24 :: 		
0x006C	0x0009      	TBLRD*+
;__Lib_System.c,25 :: 		
0x006E	0xFFE6CFF5  	MOVFF       TABLAT, POSTINC1
;__Lib_System.c,26 :: 		
0x0072	0x0600      	DECF        R0, 1, 0
;__Lib_System.c,27 :: 		
0x0074	0xE1FB      	BNZ         _CC2DL_Loop1
;__Lib_System.c,28 :: 		
0x0076	0x0601      	DECF        R1, 1, 0
;__Lib_System.c,29 :: 		
0x0078	0xE1F9      	BNZ         _CC2DL_Loop1
;__Lib_System.c,31 :: 		
L_end___CC2DW:
0x007A	0x0012      	RETURN      0
; end of ___CC2DW
_UART1_Init:
;__Lib_UART_c67.c,15 :: 		
;__Lib_UART_c67.c,18 :: 		
0x007C	0x0E1C      	MOVLW       _UART1_Write
0x007E	0x6E19      	MOVWF       _UART_Wr_Ptr 
0x0080	0x0E00      	MOVLW       hi_addr(_UART1_Write)
0x0082	0x6E1A      	MOVWF       _UART_Wr_Ptr+1 
0x0084	0x0E2B      	MOVLW       FARG_UART1_Write_data_
0x0086	0x6E1B      	MOVWF       _UART_Wr_Ptr+2 
0x0088	0x0E00      	MOVLW       hi_addr(FARG_UART1_Write_data_)
0x008A	0x6E1C      	MOVWF       _UART_Wr_Ptr+3 
;__Lib_UART_c67.c,19 :: 		
0x008C	0x0E5A      	MOVLW       _UART1_Read
0x008E	0x6E1E      	MOVWF       _UART_Rd_Ptr 
0x0090	0x0E00      	MOVLW       hi_addr(_UART1_Read)
0x0092	0x6E1F      	MOVWF       _UART_Rd_Ptr+1 
0x0094	0x0E00      	MOVLW       0
0x0096	0x6E20      	MOVWF       _UART_Rd_Ptr+2 
0x0098	0x0E00      	MOVLW       0
0x009A	0x6E21      	MOVWF       _UART_Rd_Ptr+3 
;__Lib_UART_c67.c,20 :: 		
0x009C	0x0EFF      	MOVLW       _UART1_Data_Ready
0x009E	0x6E26      	MOVWF       _UART_Rdy_Ptr 
0x00A0	0x0EFF      	MOVLW       hi_addr(_UART1_Data_Ready)
0x00A2	0x6E27      	MOVWF       _UART_Rdy_Ptr+1 
0x00A4	0x0E00      	MOVLW       0
0x00A6	0x6E28      	MOVWF       _UART_Rdy_Ptr+2 
0x00A8	0x0E00      	MOVLW       0
0x00AA	0x6E29      	MOVWF       _UART_Rdy_Ptr+3 
;__Lib_UART_c67.c,21 :: 		
0x00AC	0x0EFF      	MOVLW       _UART1_Tx_Idle
0x00AE	0x6E22      	MOVWF       _UART_Tx_Idle_Ptr 
0x00B0	0x0EFF      	MOVLW       hi_addr(_UART1_Tx_Idle)
0x00B2	0x6E23      	MOVWF       _UART_Tx_Idle_Ptr+1 
0x00B4	0x0E00      	MOVLW       0
0x00B6	0x6E24      	MOVWF       _UART_Tx_Idle_Ptr+2 
0x00B8	0x0E00      	MOVLW       0
0x00BA	0x6E25      	MOVWF       _UART_Tx_Idle_Ptr+3 
;__Lib_UART_c67.c,23 :: 		
0x00BC	0x8AAC      	BSF         TXSTA, 5 
;__Lib_UART_c67.c,24 :: 		
0x00BE	0x0E90      	MOVLW       144
0x00C0	0x6EAB      	MOVWF       RCSTA 
;__Lib_UART_c67.c,25 :: 		
0x00C2	0x8E94      	BSF         TRISC7_bit, BitPos(TRISC7_bit+0) 
;__Lib_UART_c67.c,26 :: 		
0x00C4	0x9C94      	BCF         TRISC6_bit, BitPos(TRISC6_bit+0) 
;__Lib_UART_c67.c,28 :: 		
L_UART1_Init0:
0x00C6	0xAA9E      	BTFSS       PIR1, 5 
0x00C8	0xD003      	BRA         L_UART1_Init1
;__Lib_UART_c67.c,29 :: 		
0x00CA	0xF000CFAE  	MOVFF       RCREG, R0
0x00CE	0xD7FB      	BRA         L_UART1_Init0
L_UART1_Init1:
;__Lib_UART_c67.c,30 :: 		
L_end_UART1_Init:
0x00D0	0x0012      	RETURN      0
; end of _UART1_Init
_main:
0x00D2	0x6A15      	CLRF        _state2 
0x00D4	0x6A16      	CLRF        22 
0x00D6	0x6A17      	CLRF        _state1 
0x00D8	0x6A18      	CLRF        24 
;COM.c,40 :: 		void main(){
;COM.c,41 :: 		ADCON1 = 0x0F;
0x00DA	0x0E0F      	MOVLW       15
0x00DC	0x6EC1      	MOVWF       ADCON1 
;COM.c,42 :: 		CMCON = 0x07;
0x00DE	0x0E07      	MOVLW       7
0x00E0	0x6EB4      	MOVWF       CMCON 
;COM.c,43 :: 		PORTB = 0x00;
0x00E2	0x6A81      	CLRF        PORTB 
;COM.c,44 :: 		LATB = 0x0F;
0x00E4	0x0E0F      	MOVLW       15
0x00E6	0x6E8A      	MOVWF       LATB 
;COM.c,45 :: 		TRISB0_bit = 0;
0x00E8	0x9093      	BCF         TRISB0_bit, BitPos(TRISB0_bit+0) 
;COM.c,46 :: 		TRISB1_bit = 0;
0x00EA	0x9293      	BCF         TRISB1_bit, BitPos(TRISB1_bit+0) 
;COM.c,47 :: 		TRISB2_bit = 0;
0x00EC	0x9493      	BCF         TRISB2_bit, BitPos(TRISB2_bit+0) 
;COM.c,48 :: 		TRISB3_bit = 0;
0x00EE	0x9693      	BCF         TRISB3_bit, BitPos(TRISB3_bit+0) 
;COM.c,50 :: 		PORTD = 0x00;
0x00F0	0x6A83      	CLRF        PORTD 
;COM.c,51 :: 		LATD = 0x00;
0x00F2	0x6A8C      	CLRF        LATD 
;COM.c,52 :: 		TRISD1_bit = 0;
0x00F4	0x9295      	BCF         TRISD1_bit, BitPos(TRISD1_bit+0) 
;COM.c,53 :: 		TRISD0_bit = 0;
0x00F6	0x9095      	BCF         TRISD0_bit, BitPos(TRISD0_bit+0) 
;COM.c,54 :: 		TRISD2_bit = 0;
0x00F8	0x9495      	BCF         TRISD2_bit, BitPos(TRISD2_bit+0) 
;COM.c,55 :: 		TRISD3_bit = 0;
0x00FA	0x9695      	BCF         TRISD3_bit, BitPos(TRISD3_bit+0) 
;COM.c,57 :: 		RD0_bit = 1;
0x00FC	0x8083      	BSF         RD0_bit, BitPos(RD0_bit+0) 
;COM.c,58 :: 		RD1_bit = 1;
0x00FE	0x8283      	BSF         RD1_bit, BitPos(RD1_bit+0) 
;COM.c,59 :: 		RD2_bit = 1;
0x0100	0x8483      	BSF         RD2_bit, BitPos(RD2_bit+0) 
;COM.c,60 :: 		RD3_bit = 1;
0x0102	0x8683      	BSF         RD3_bit, BitPos(RD3_bit+0) 
;COM.c,64 :: 		PORTE = 0x00;
0x0104	0x6A84      	CLRF        PORTE 
;COM.c,65 :: 		LATE = 0x07;
0x0106	0x0E07      	MOVLW       7
0x0108	0x6E8D      	MOVWF       LATE 
;COM.c,66 :: 		TRISE0_bit = 0;
0x010A	0x9096      	BCF         TRISE0_bit, BitPos(TRISE0_bit+0) 
;COM.c,67 :: 		TRISE1_bit = 0;
0x010C	0x9296      	BCF         TRISE1_bit, BitPos(TRISE1_bit+0) 
;COM.c,68 :: 		TRISE2_bit = 0;
0x010E	0x9496      	BCF         TRISE2_bit, BitPos(TRISE2_bit+0) 
;COM.c,70 :: 		UART1_Init(9600);
0x0110	0x86B8      	BSF         BAUDCON, 3, 0
0x0112	0x0E02      	MOVLW       2
0x0114	0x6EB0      	MOVWF       SPBRGH 
0x0116	0x0E08      	MOVLW       8
0x0118	0x6EAF      	MOVWF       SPBRG 
0x011A	0x84AC      	BSF         TXSTA, 2, 0
0x011C	0xDFAF      	RCALL       _UART1_Init
;COM.c,71 :: 		delay_ms(100);
0x011E	0x0E03      	MOVLW       3
0x0120	0x6E0B      	MOVWF       R11, 0
0x0122	0x0E8A      	MOVLW       138
0x0124	0x6E0C      	MOVWF       R12, 0
0x0126	0x0E55      	MOVLW       85
0x0128	0x6E0D      	MOVWF       R13, 0
L_main0:
0x012A	0x2E0D      	DECFSZ      R13, 1, 0
0x012C	0xD7FE      	BRA         L_main0
0x012E	0x2E0C      	DECFSZ      R12, 1, 0
0x0130	0xD7FC      	BRA         L_main0
0x0132	0x2E0B      	DECFSZ      R11, 1, 0
0x0134	0xD7FA      	BRA         L_main0
0x0136	0x0000      	NOP
0x0138	0x0000      	NOP
;COM.c,72 :: 		while(1)
L_main1:
;COM.c,74 :: 		dat = UART1_Read();
0x013A	0xDF8F      	RCALL       _UART1_Read
0x013C	0xF01DC000  	MOVFF       R0, _dat
;COM.c,76 :: 		if ( dat ==  pc_led_on1)
0x0140	0x5000      	MOVF        R0, 0 
0x0142	0x0A41      	XORLW       65
0x0144	0xE104      	BNZ         L_main3
;COM.c,78 :: 		RE0_bit = 0;
0x0146	0x9084      	BCF         RE0_bit, BitPos(RE0_bit+0) 
;COM.c,79 :: 		UART1_Write(mcu_led_on1);
0x0148	0x0E31      	MOVLW       49
0x014A	0x6E2B      	MOVWF       FARG_UART1_Write_data_ 
0x014C	0xDF67      	RCALL       _UART1_Write
;COM.c,80 :: 		}
L_main3:
;COM.c,82 :: 		if ( dat == pc_led_of1)
0x014E	0x501D      	MOVF        _dat, 0 
0x0150	0x0A48      	XORLW       72
0x0152	0xE104      	BNZ         L_main4
;COM.c,84 :: 		RE0_bit = 1;
0x0154	0x8084      	BSF         RE0_bit, BitPos(RE0_bit+0) 
;COM.c,85 :: 		UART1_Write(mcd_led_of1);
0x0156	0x0E36      	MOVLW       54
0x0158	0x6E2B      	MOVWF       FARG_UART1_Write_data_ 
0x015A	0xDF60      	RCALL       _UART1_Write
;COM.c,86 :: 		}
L_main4:
;COM.c,88 :: 		if ( dat ==  pc_led_on2)
0x015C	0x501D      	MOVF        _dat, 0 
0x015E	0x0A42      	XORLW       66
0x0160	0xE104      	BNZ         L_main5
;COM.c,90 :: 		RE1_bit = 0;
0x0162	0x9284      	BCF         RE1_bit, BitPos(RE1_bit+0) 
;COM.c,91 :: 		UART1_Write(mcu_led_on2)    ;
0x0164	0x0E32      	MOVLW       50
0x0166	0x6E2B      	MOVWF       FARG_UART1_Write_data_ 
0x0168	0xDF59      	RCALL       _UART1_Write
;COM.c,92 :: 		}
L_main5:
;COM.c,94 :: 		if ( dat == pc_led_of2)
0x016A	0x501D      	MOVF        _dat, 0 
0x016C	0x0A4A      	XORLW       74
0x016E	0xE104      	BNZ         L_main6
;COM.c,96 :: 		RE1_bit = 1;
0x0170	0x8284      	BSF         RE1_bit, BitPos(RE1_bit+0) 
;COM.c,97 :: 		UART1_Write(mcd_led_of2);
0x0172	0x0E37      	MOVLW       55
0x0174	0x6E2B      	MOVWF       FARG_UART1_Write_data_ 
0x0176	0xDF52      	RCALL       _UART1_Write
;COM.c,98 :: 		}
L_main6:
;COM.c,100 :: 		if ( dat ==  pc_led_on3)
0x0178	0x501D      	MOVF        _dat, 0 
0x017A	0x0A43      	XORLW       67
0x017C	0xE104      	BNZ         L_main7
;COM.c,102 :: 		RE2_bit = 0;
0x017E	0x9484      	BCF         RE2_bit, BitPos(RE2_bit+0) 
;COM.c,103 :: 		UART1_Write(mcu_led_on3);
0x0180	0x0E33      	MOVLW       51
0x0182	0x6E2B      	MOVWF       FARG_UART1_Write_data_ 
0x0184	0xDF4B      	RCALL       _UART1_Write
;COM.c,104 :: 		}
L_main7:
;COM.c,106 :: 		if ( dat == pc_led_of3)
0x0186	0x501D      	MOVF        _dat, 0 
0x0188	0x0A4B      	XORLW       75
0x018A	0xE104      	BNZ         L_main8
;COM.c,108 :: 		RE2_bit = 1;
0x018C	0x8484      	BSF         RE2_bit, BitPos(RE2_bit+0) 
;COM.c,109 :: 		UART1_Write(mcd_led_of3);
0x018E	0x0E38      	MOVLW       56
0x0190	0x6E2B      	MOVWF       FARG_UART1_Write_data_ 
0x0192	0xDF44      	RCALL       _UART1_Write
;COM.c,110 :: 		}
L_main8:
;COM.c,115 :: 		if ( dat ==  pc_led_on4)
0x0194	0x501D      	MOVF        _dat, 0 
0x0196	0x0A44      	XORLW       68
0x0198	0xE11D      	BNZ         L_main9
;COM.c,117 :: 		if(state1 == 2)
0x019A	0x0E00      	MOVLW       0
0x019C	0x1818      	XORWF       _state1+1, 0 
0x019E	0xE102      	BNZ         L__main24
0x01A0	0x0E02      	MOVLW       2
0x01A2	0x1817      	XORWF       _state1, 0 
L__main24:
0x01A4	0xE10E      	BNZ         L_main10
;COM.c,118 :: 		delay_ms(2000);
0x01A6	0x0E33      	MOVLW       51
0x01A8	0x6E0B      	MOVWF       R11, 0
0x01AA	0x0EBB      	MOVLW       187
0x01AC	0x6E0C      	MOVWF       R12, 0
0x01AE	0x0EDF      	MOVLW       223
0x01B0	0x6E0D      	MOVWF       R13, 0
L_main11:
0x01B2	0x2E0D      	DECFSZ      R13, 1, 0
0x01B4	0xD7FE      	BRA         L_main11
0x01B6	0x2E0C      	DECFSZ      R12, 1, 0
0x01B8	0xD7FC      	BRA         L_main11
0x01BA	0x2E0B      	DECFSZ      R11, 1, 0
0x01BC	0xD7FA      	BRA         L_main11
0x01BE	0x0000      	NOP
0x01C0	0x0000      	NOP
L_main10:
;COM.c,120 :: 		RD0_bit = 0;
0x01C2	0x9083      	BCF         RD0_bit, BitPos(RD0_bit+0) 
;COM.c,121 :: 		RD1_bit = 0;
0x01C4	0x9283      	BCF         RD1_bit, BitPos(RD1_bit+0) 
;COM.c,122 :: 		UART1_Write(mcu_led_on4) ;
0x01C6	0x0E34      	MOVLW       52
0x01C8	0x6E2B      	MOVWF       FARG_UART1_Write_data_ 
0x01CA	0xDF28      	RCALL       _UART1_Write
;COM.c,123 :: 		state1 = 1;
0x01CC	0x0E01      	MOVLW       1
0x01CE	0x6E17      	MOVWF       _state1 
0x01D0	0x0E00      	MOVLW       0
0x01D2	0x6E18      	MOVWF       _state1+1 
;COM.c,124 :: 		}
L_main9:
;COM.c,127 :: 		if ( dat ==  pc_led_on5)
0x01D4	0x501D      	MOVF        _dat, 0 
0x01D6	0x0A45      	XORLW       69
0x01D8	0xE11D      	BNZ         L_main12
;COM.c,129 :: 		if(state1 == 1)
0x01DA	0x0E00      	MOVLW       0
0x01DC	0x1818      	XORWF       _state1+1, 0 
0x01DE	0xE102      	BNZ         L__main25
0x01E0	0x0E01      	MOVLW       1
0x01E2	0x1817      	XORWF       _state1, 0 
L__main25:
0x01E4	0xE10E      	BNZ         L_main13
;COM.c,130 :: 		delay_ms(2000);
0x01E6	0x0E33      	MOVLW       51
0x01E8	0x6E0B      	MOVWF       R11, 0
0x01EA	0x0EBB      	MOVLW       187
0x01EC	0x6E0C      	MOVWF       R12, 0
0x01EE	0x0EDF      	MOVLW       223
0x01F0	0x6E0D      	MOVWF       R13, 0
L_main14:
0x01F2	0x2E0D      	DECFSZ      R13, 1, 0
0x01F4	0xD7FE      	BRA         L_main14
0x01F6	0x2E0C      	DECFSZ      R12, 1, 0
0x01F8	0xD7FC      	BRA         L_main14
0x01FA	0x2E0B      	DECFSZ      R11, 1, 0
0x01FC	0xD7FA      	BRA         L_main14
0x01FE	0x0000      	NOP
0x0200	0x0000      	NOP
L_main13:
;COM.c,131 :: 		RD0_bit = 0;
0x0202	0x9083      	BCF         RD0_bit, BitPos(RD0_bit+0) 
;COM.c,132 :: 		RD1_bit = 1;
0x0204	0x8283      	BSF         RD1_bit, BitPos(RD1_bit+0) 
;COM.c,133 :: 		UART1_Write(mcu_led_on5) ;
0x0206	0x0E35      	MOVLW       53
0x0208	0x6E2B      	MOVWF       FARG_UART1_Write_data_ 
0x020A	0xDF08      	RCALL       _UART1_Write
;COM.c,134 :: 		state1=2;
0x020C	0x0E02      	MOVLW       2
0x020E	0x6E17      	MOVWF       _state1 
0x0210	0x0E00      	MOVLW       0
0x0212	0x6E18      	MOVWF       _state1+1 
;COM.c,135 :: 		}
L_main12:
;COM.c,138 :: 		if ( dat ==  pc_led_on6)
0x0214	0x501D      	MOVF        _dat, 0 
0x0216	0x0A46      	XORLW       70
0x0218	0xE107      	BNZ         L_main15
;COM.c,140 :: 		RD0_bit = 1;
0x021A	0x8083      	BSF         RD0_bit, BitPos(RD0_bit+0) 
;COM.c,141 :: 		RD1_bit = 1;
0x021C	0x8283      	BSF         RD1_bit, BitPos(RD1_bit+0) 
;COM.c,142 :: 		UART1_Write(mcu_led_on6) ;
0x021E	0x0E51      	MOVLW       81
0x0220	0x6E2B      	MOVWF       FARG_UART1_Write_data_ 
0x0222	0xDEFC      	RCALL       _UART1_Write
;COM.c,143 :: 		state1=0;
0x0224	0x6A17      	CLRF        _state1 
0x0226	0x6A18      	CLRF        _state1+1 
;COM.c,146 :: 		}
L_main15:
;COM.c,152 :: 		if ( dat ==  pc_led_of4)
0x0228	0x501D      	MOVF        _dat, 0 
0x022A	0x0A4C      	XORLW       76
0x022C	0xE11D      	BNZ         L_main16
;COM.c,154 :: 		if(state2==2)
0x022E	0x0E00      	MOVLW       0
0x0230	0x1816      	XORWF       _state2+1, 0 
0x0232	0xE102      	BNZ         L__main26
0x0234	0x0E02      	MOVLW       2
0x0236	0x1815      	XORWF       _state2, 0 
L__main26:
0x0238	0xE10E      	BNZ         L_main17
;COM.c,155 :: 		delay_ms(2000);
0x023A	0x0E33      	MOVLW       51
0x023C	0x6E0B      	MOVWF       R11, 0
0x023E	0x0EBB      	MOVLW       187
0x0240	0x6E0C      	MOVWF       R12, 0
0x0242	0x0EDF      	MOVLW       223
0x0244	0x6E0D      	MOVWF       R13, 0
L_main18:
0x0246	0x2E0D      	DECFSZ      R13, 1, 0
0x0248	0xD7FE      	BRA         L_main18
0x024A	0x2E0C      	DECFSZ      R12, 1, 0
0x024C	0xD7FC      	BRA         L_main18
0x024E	0x2E0B      	DECFSZ      R11, 1, 0
0x0250	0xD7FA      	BRA         L_main18
0x0252	0x0000      	NOP
0x0254	0x0000      	NOP
L_main17:
;COM.c,157 :: 		RD2_bit = 0;
0x0256	0x9483      	BCF         RD2_bit, BitPos(RD2_bit+0) 
;COM.c,158 :: 		RD3_bit = 0;
0x0258	0x9683      	BCF         RD3_bit, BitPos(RD3_bit+0) 
;COM.c,159 :: 		UART1_Write(mcd_led_of4) ;
0x025A	0x0E39      	MOVLW       57
0x025C	0x6E2B      	MOVWF       FARG_UART1_Write_data_ 
0x025E	0xDEDE      	RCALL       _UART1_Write
;COM.c,160 :: 		state2 = 1;
0x0260	0x0E01      	MOVLW       1
0x0262	0x6E15      	MOVWF       _state2 
0x0264	0x0E00      	MOVLW       0
0x0266	0x6E16      	MOVWF       _state2+1 
;COM.c,163 :: 		}
L_main16:
;COM.c,166 :: 		if ( dat ==  pc_led_of5)
0x0268	0x501D      	MOVF        _dat, 0 
0x026A	0x0A5A      	XORLW       90
0x026C	0xE11D      	BNZ         L_main19
;COM.c,168 :: 		if(state2 == 1)
0x026E	0x0E00      	MOVLW       0
0x0270	0x1816      	XORWF       _state2+1, 0 
0x0272	0xE102      	BNZ         L__main27
0x0274	0x0E01      	MOVLW       1
0x0276	0x1815      	XORWF       _state2, 0 
L__main27:
0x0278	0xE10E      	BNZ         L_main20
;COM.c,169 :: 		delay_ms(2000);
0x027A	0x0E33      	MOVLW       51
0x027C	0x6E0B      	MOVWF       R11, 0
0x027E	0x0EBB      	MOVLW       187
0x0280	0x6E0C      	MOVWF       R12, 0
0x0282	0x0EDF      	MOVLW       223
0x0284	0x6E0D      	MOVWF       R13, 0
L_main21:
0x0286	0x2E0D      	DECFSZ      R13, 1, 0
0x0288	0xD7FE      	BRA         L_main21
0x028A	0x2E0C      	DECFSZ      R12, 1, 0
0x028C	0xD7FC      	BRA         L_main21
0x028E	0x2E0B      	DECFSZ      R11, 1, 0
0x0290	0xD7FA      	BRA         L_main21
0x0292	0x0000      	NOP
0x0294	0x0000      	NOP
L_main20:
;COM.c,171 :: 		RD2_bit = 0;
0x0296	0x9483      	BCF         RD2_bit, BitPos(RD2_bit+0) 
;COM.c,172 :: 		RD3_bit = 1;
0x0298	0x8683      	BSF         RD3_bit, BitPos(RD3_bit+0) 
;COM.c,173 :: 		UART1_Write(mcd_led_of5) ;
0x029A	0x0E30      	MOVLW       48
0x029C	0x6E2B      	MOVWF       FARG_UART1_Write_data_ 
0x029E	0xDEBE      	RCALL       _UART1_Write
;COM.c,174 :: 		state2 = 2;
0x02A0	0x0E02      	MOVLW       2
0x02A2	0x6E15      	MOVWF       _state2 
0x02A4	0x0E00      	MOVLW       0
0x02A6	0x6E16      	MOVWF       _state2+1 
;COM.c,177 :: 		}
L_main19:
;COM.c,180 :: 		if ( dat ==  pc_led_of6)
0x02A8	0x501D      	MOVF        _dat, 0 
0x02AA	0x0A4D      	XORLW       77
0x02AC	0xE107      	BNZ         L_main22
;COM.c,182 :: 		RD2_bit = 1;
0x02AE	0x8483      	BSF         RD2_bit, BitPos(RD2_bit+0) 
;COM.c,183 :: 		RD3_bit = 1;
0x02B0	0x8683      	BSF         RD3_bit, BitPos(RD3_bit+0) 
;COM.c,184 :: 		UART_Write(mcd_led_of6) ;
0x02B2	0x0E49      	MOVLW       73
0x02B4	0x6E2A      	MOVWF       FARG_UART_Write__data 
0x02B6	0xDEC5      	RCALL       _UART_Write
;COM.c,185 :: 		state2=0;
0x02B8	0x6A15      	CLRF        _state2 
0x02BA	0x6A16      	CLRF        _state2+1 
;COM.c,187 :: 		}
L_main22:
;COM.c,189 :: 		}
0x02BC	0xD73E      	BRA         L_main1
;COM.c,190 :: 		}
L_end_main:
0x02BE	0xD7FF      	BRA         $+0
; end of _main
Symbol List:
//** Routines locations **
//ADDRESS    SIZE    PROCEDURE
//----------------------------------------------
0x001C      [14]    _UART1_Write
0x002A      [24]    _____DoIFC
0x0042      [24]    _UART_Write
0x005A      [18]    _UART1_Read
0x006C      [16]    ___CC2DW
0x007C      [86]    _UART1_Init
0x00D2     [494]    _main
//** Variables locations ** 
//ADDRESS    SIZE    VARIABLE
//----------------------------------------------
0x0000       [1]    R0
0x0000       [1]    UART1_Init_tmp_L0
0x0001       [1]    R1
0x0001       [1]    UART1_Read___tmp_UART1_Read_L0
0x0002       [1]    R2
0x0003       [1]    R3
0x0004       [1]    R4
0x0005       [1]    R5
0x0006       [1]    R6
0x0007       [1]    R7
0x0008       [1]    R8
0x0009       [1]    R9
0x000A       [1]    R10
0x000B       [1]    R11
0x000C       [1]    R12
0x000D       [1]    R13
0x000E       [1]    R14
0x000F       [1]    R15
0x0010       [1]    R16
0x0011       [1]    R17
0x0012       [1]    R18
0x0013       [1]    R19
0x0014       [1]    R20
0x0015       [2]    _state2
0x0017       [2]    _state1
0x0019       [4]    _UART_Wr_Ptr
0x001D       [1]    _dat
0x001E       [4]    _UART_Rd_Ptr
0x0022       [4]    _UART_Tx_Idle_Ptr
0x0026       [4]    _UART_Rdy_Ptr
0x002A       [1]    FARG_UART_Write__data
0x002B       [1]    FARG_UART1_Write_data_
0x0F81       [1]    PORTB
0x0F83       [0]    RD0_bit
0x0F83       [0]    RD1_bit
0x0F83       [1]    PORTD
0x0F83       [0]    RD3_bit
0x0F83       [0]    RD2_bit
0x0F84       [0]    RE0_bit
0x0F84       [1]    PORTE
0x0F84       [0]    RE1_bit
0x0F84       [0]    RE2_bit
0x0F8A       [1]    LATB
0x0F8C       [1]    LATD
0x0F8D       [1]    LATE
0x0F93       [0]    TRISB3_bit
0x0F93       [0]    TRISB2_bit
0x0F93       [0]    TRISB1_bit
0x0F93       [0]    TRISB0_bit
0x0F94       [0]    TRISC7_bit
0x0F94       [0]    TRISC6_bit
0x0F95       [0]    TRISD1_bit
0x0F95       [0]    TRISD3_bit
0x0F95       [0]    TRISD2_bit
0x0F95       [0]    TRISD0_bit
0x0F96       [0]    TRISE0_bit
0x0F96       [0]    TRISE2_bit
0x0F96       [0]    TRISE1_bit
0x0F9E       [1]    PIR1
0x0FAB       [1]    RCSTA
0x0FAC       [1]    TXSTA
0x0FAD       [1]    TXREG
0x0FAE       [1]    RCREG
0x0FAF       [1]    SPBRG
0x0FB0       [1]    SPBRGH
0x0FB4       [1]    CMCON
0x0FB8       [1]    BAUDCON
0x0FC1       [1]    ADCON1
0x0FD8       [1]    STATUS
0x0FD9       [1]    FSR2L
0x0FDA       [1]    FSR2H
0x0FDE       [1]    POSTINC2
0x0FE0       [1]    BSR
0x0FE1       [2]    FSR1
0x0FE1       [1]    FSR1L
0x0FE2       [1]    FSR1H
0x0FE4       [1]    PREINC1
0x0FE6       [1]    POSTINC1
0x0FE7       [1]    INDF1
0x0FE8       [1]    WREG
0x0FE9       [1]    FSR0L
0x0FEA       [1]    FSR0H
0x0FEE       [1]    POSTINC0
0x0FF2       [1]    INTCON
0x0FF3       [1]    PRODL
0x0FF4       [1]    PRODH
0x0FF5       [1]    TABLAT
0x0FF6       [1]    TBLPTRL
0x0FF7       [1]    TBLPTRH
0x0FF8       [1]    TBLPTRU
0x0FFD       [1]    TOSL
0x0FFE       [1]    TOSH
0x0FFF       [1]    TOSU
